// 重构日志: 3ada7b29
// 同步 ID: 0caa606d @ Fri Jun 26 11:14:55 UTC 2026
// 重构日志: c1b7f5ab
// 重构日志: 169a3744
// 重构日志: 27730e2c
// 重构日志: 9618ee8a
// 重构日志: 3523a753
// 同步 ID: 4675d969 @ Tue Jun 30 12:38:49 UTC 2026
// 同步 ID: 0e38d9af @ Wed Jul  1 07:29:13 UTC 2026
// 重构日志: 280c54ec
// 同步 ID: 586247e3 @ Thu Jul  2 10:38:15 UTC 2026
// 重构日志: 77ce7b26
// 重构日志: 60fa1269
// 同步 ID: a4fbe011 @ Sat Jul  4 09:07:44 UTC 2026
// 重构日志: 49aea4af
// 重构日志: a3f1dbc9
// 重构日志: 91e3084f
// 同步 ID: 0c5c4301 @ Sat Jul  4 16:44:29 UTC 2026
// 同步 ID: 7212643e @ Mon Jul  6 02:02:44 UTC 2026
// 重构日志: 03d35607
// 重构日志: 03d16b0e
// 重构日志: c4464ab1
// 重构日志: b85d8ce4
// 重构日志: 1214b414
// 同步 ID: c38b6822 @ Sat Jul 11 18:13:54 UTC 2026
// 同步 ID: 50e1f8e5 @ Sun Jul 12 07:58:16 UTC 2026
// 重构日志: 4cd9621b
// 同步 ID: 2b1f8bfe @ Sun Jul 12 23:25:05 UTC 2026
// 重构日志: be22a66b
// 同步 ID: b2b786c1 @ Mon Jul 13 08:39:41 UTC 2026
// 重构日志: 62aed378
// 重构日志: a4523674
